2020.10.18 22:31:25 INFO  ce[][o.s.p.ProcessEntryPoint] Starting ce
2020.10.18 22:31:25 INFO  ce[][o.s.ce.app.CeServer] Compute Engine starting up...
2020.10.18 22:31:25 INFO  ce[][o.e.p.PluginsService] no modules loaded
2020.10.18 22:31:25 INFO  ce[][o.e.p.PluginsService] loaded plugin [org.elasticsearch.join.ParentJoinPlugin]
2020.10.18 22:31:25 INFO  ce[][o.e.p.PluginsService] loaded plugin [org.elasticsearch.percolator.PercolatorPlugin]
2020.10.18 22:31:25 INFO  ce[][o.e.p.PluginsService] loaded plugin [org.elasticsearch.transport.Netty4Plugin]
2020.10.18 22:31:27 INFO  ce[][o.s.s.e.EsClientProvider] Connected to local Elasticsearch: [127.0.0.1:9001]
2020.10.18 22:31:27 INFO  ce[][o.sonar.db.Database] Create JDBC data source for jdbc:h2:tcp://127.0.0.1:9092/sonar
2020.10.18 22:31:27 WARN  ce[][o.s.db.dialect.H2] H2 database should be used for evaluation purpose only.
2020.10.18 22:31:27 INFO  ce[][o.s.s.p.ServerFileSystemImpl] SonarQube home: C:\Users\Haku Wei\Downloads\sonarqube-8.5.0.37579\sonarqube-8.5.0.37579
2020.10.18 22:31:27 INFO  ce[][o.s.c.c.CePluginRepository] Load plugins
2020.10.18 22:31:28 INFO  ce[][o.s.c.c.ComputeEngineContainerImpl] Running Community edition
2020.10.18 22:31:28 INFO  ce[][o.s.ce.app.CeServer] Compute Engine is operational
2020.10.18 22:31:30 INFO  ce[][o.s.c.t.CeWorkerImpl] worker AXU-soXGAXKobjgUi0hw found no pending task (including indexation task). Disabling indexation task lookup for this worker until next SonarQube restart.
2020.10.18 22:43:52 INFO  ce[][o.s.c.t.CeWorkerImpl] Execute task | project=DynastyWarriors8XtremeLegends | type=REPORT | id=AXU-vdjMfsQkPBwlYw5w | submitter=admin
2020.10.18 22:43:52 INFO  ce[AXU-vdjMfsQkPBwlYw5w][o.s.c.t.s.ComputationStepExecutor] Extract report | status=SUCCESS | time=178ms
2020.10.18 22:43:52 INFO  ce[AXU-vdjMfsQkPBwlYw5w][o.s.c.t.s.ComputationStepExecutor] Persist scanner context | status=SUCCESS | time=7ms
2020.10.18 22:43:52 INFO  ce[AXU-vdjMfsQkPBwlYw5w][o.s.c.t.s.ComputationStepExecutor] Propagate analysis warnings from scanner report | status=SUCCESS | time=19ms
2020.10.18 22:43:52 INFO  ce[AXU-vdjMfsQkPBwlYw5w][o.s.c.t.s.ComputationStepExecutor] Generate analysis UUID | status=SUCCESS | time=0ms
2020.10.18 22:43:52 INFO  ce[AXU-vdjMfsQkPBwlYw5w][o.s.c.t.s.ComputationStepExecutor] Load analysis metadata | status=SUCCESS | time=59ms
2020.10.18 22:43:52 INFO  ce[AXU-vdjMfsQkPBwlYw5w][o.s.c.t.s.ComputationStepExecutor] Initialize | status=SUCCESS | time=0ms
2020.10.18 22:43:52 INFO  ce[AXU-vdjMfsQkPBwlYw5w][o.s.c.t.s.ComputationStepExecutor] Verify billing | status=SUCCESS | time=0ms
2020.10.18 22:43:52 INFO  ce[AXU-vdjMfsQkPBwlYw5w][o.s.c.t.s.ComputationStepExecutor] Build tree of components | components=72 | status=SUCCESS | time=52ms
2020.10.18 22:43:52 INFO  ce[AXU-vdjMfsQkPBwlYw5w][o.s.c.t.s.ComputationStepExecutor] Validate project | status=SUCCESS | time=3ms
2020.10.18 22:43:53 INFO  ce[AXU-vdjMfsQkPBwlYw5w][o.s.c.t.s.ComputationStepExecutor] Load quality profiles | status=SUCCESS | time=488ms
2020.10.18 22:43:53 INFO  ce[AXU-vdjMfsQkPBwlYw5w][o.s.c.t.s.ComputationStepExecutor] Load Quality gate | status=SUCCESS | time=9ms
2020.10.18 22:43:53 INFO  ce[AXU-vdjMfsQkPBwlYw5w][o.s.c.t.s.ComputationStepExecutor] Load new code period | status=SUCCESS | time=2ms
2020.10.18 22:43:53 INFO  ce[AXU-vdjMfsQkPBwlYw5w][o.s.c.t.s.ComputationStepExecutor] Detect file moves | status=SUCCESS | time=0ms
2020.10.18 22:43:53 INFO  ce[AXU-vdjMfsQkPBwlYw5w][o.s.c.t.s.ComputationStepExecutor] Load duplications | duplications=3 | status=SUCCESS | time=17ms
2020.10.18 22:43:53 INFO  ce[AXU-vdjMfsQkPBwlYw5w][o.s.c.t.s.ComputationStepExecutor] Compute cross project duplications | status=SUCCESS | time=0ms
2020.10.18 22:43:53 INFO  ce[AXU-vdjMfsQkPBwlYw5w][o.s.c.t.s.ComputationStepExecutor] Compute size measures | status=SUCCESS | time=38ms
2020.10.18 22:43:53 INFO  ce[AXU-vdjMfsQkPBwlYw5w][o.s.c.t.s.ComputationStepExecutor] Compute new coverage | status=SUCCESS | time=3ms
2020.10.18 22:43:53 INFO  ce[AXU-vdjMfsQkPBwlYw5w][o.s.c.t.s.ComputationStepExecutor] Compute coverage measures | status=SUCCESS | time=26ms
2020.10.18 22:43:53 INFO  ce[AXU-vdjMfsQkPBwlYw5w][o.s.c.t.s.ComputationStepExecutor] Compute comment measures | status=SUCCESS | time=2ms
2020.10.18 22:43:53 INFO  ce[AXU-vdjMfsQkPBwlYw5w][o.s.c.t.s.ComputationStepExecutor] Copy custom measures | status=SUCCESS | time=2ms
2020.10.18 22:43:53 INFO  ce[AXU-vdjMfsQkPBwlYw5w][o.s.c.t.s.ComputationStepExecutor] Compute duplication measures | status=SUCCESS | time=3ms
2020.10.18 22:43:53 INFO  ce[AXU-vdjMfsQkPBwlYw5w][o.s.c.t.s.ComputationStepExecutor] Compute size measures on new code | status=SUCCESS | time=2ms
2020.10.18 22:43:53 INFO  ce[AXU-vdjMfsQkPBwlYw5w][o.s.c.t.s.ComputationStepExecutor] Compute language distribution | status=SUCCESS | time=11ms
2020.10.18 22:43:53 INFO  ce[AXU-vdjMfsQkPBwlYw5w][o.s.c.t.s.ComputationStepExecutor] Compute test measures | status=SUCCESS | time=2ms
2020.10.18 22:43:53 INFO  ce[AXU-vdjMfsQkPBwlYw5w][o.s.c.t.s.ComputationStepExecutor] Compute complexity measures | status=SUCCESS | time=3ms
2020.10.18 22:43:53 INFO  ce[AXU-vdjMfsQkPBwlYw5w][o.s.c.t.s.ComputationStepExecutor] Load measure computers | status=SUCCESS | time=3ms
2020.10.18 22:43:53 INFO  ce[AXU-vdjMfsQkPBwlYw5w][o.s.c.t.s.ComputationStepExecutor] Compute Quality Profile status | status=SUCCESS | time=2ms
2020.10.18 22:43:53 INFO  ce[AXU-vdjMfsQkPBwlYw5w][o.s.c.t.s.ComputationStepExecutor] Execute component visitors | status=SUCCESS | time=357ms
2020.10.18 22:43:53 INFO  ce[AXU-vdjMfsQkPBwlYw5w][o.s.c.t.s.ComputationStepExecutor] Checks executed after computation of measures | status=SUCCESS | time=0ms
2020.10.18 22:43:53 INFO  ce[AXU-vdjMfsQkPBwlYw5w][o.s.c.t.s.ComputationStepExecutor] Compute Quality Gate measures | status=SUCCESS | time=16ms
2020.10.18 22:43:53 INFO  ce[AXU-vdjMfsQkPBwlYw5w][o.s.c.t.s.ComputationStepExecutor] Compute Quality profile measures | status=SUCCESS | time=5ms
2020.10.18 22:43:53 INFO  ce[AXU-vdjMfsQkPBwlYw5w][o.s.c.t.s.ComputationStepExecutor] Generate Quality profile events | status=SUCCESS | time=1ms
2020.10.18 22:43:53 INFO  ce[AXU-vdjMfsQkPBwlYw5w][o.s.c.t.s.ComputationStepExecutor] Generate Quality gate events | status=SUCCESS | time=1ms
2020.10.18 22:43:53 INFO  ce[AXU-vdjMfsQkPBwlYw5w][o.s.c.t.s.ComputationStepExecutor] Check upgrade possibility for not analyzed code files. | status=SUCCESS | time=1ms
2020.10.18 22:43:53 INFO  ce[AXU-vdjMfsQkPBwlYw5w][o.s.c.t.s.ComputationStepExecutor] Persist components | status=SUCCESS | time=20ms
2020.10.18 22:43:53 INFO  ce[AXU-vdjMfsQkPBwlYw5w][o.s.c.t.s.ComputationStepExecutor] Persist analysis | status=SUCCESS | time=2ms
2020.10.18 22:43:53 INFO  ce[AXU-vdjMfsQkPBwlYw5w][o.s.c.t.s.ComputationStepExecutor] Persist analysis properties | status=SUCCESS | time=1ms
2020.10.18 22:43:53 INFO  ce[AXU-vdjMfsQkPBwlYw5w][o.s.c.t.s.ComputationStepExecutor] Persist measures | inserts=50 | status=SUCCESS | time=9ms
2020.10.18 22:43:54 INFO  ce[AXU-vdjMfsQkPBwlYw5w][o.s.c.t.s.ComputationStepExecutor] Persist live measures | insertsOrUpdates=2244 | status=SUCCESS | time=186ms
2020.10.18 22:43:54 INFO  ce[AXU-vdjMfsQkPBwlYw5w][o.s.c.t.s.ComputationStepExecutor] Persist duplication data | insertsOrUpdates=0 | status=SUCCESS | time=8ms
2020.10.18 22:43:54 INFO  ce[AXU-vdjMfsQkPBwlYw5w][o.s.c.t.s.ComputationStepExecutor] Persist new ad hoc Rules | status=SUCCESS | time=0ms
2020.10.18 22:43:54 INFO  ce[AXU-vdjMfsQkPBwlYw5w][o.s.c.t.s.ComputationStepExecutor] Persist issues | cacheSize=45 KB | inserts=66 | updates=0 | merged=0 | status=SUCCESS | time=24ms
2020.10.18 22:43:54 INFO  ce[AXU-vdjMfsQkPBwlYw5w][o.s.c.t.s.ComputationStepExecutor] Persist project links | status=SUCCESS | time=4ms
2020.10.18 22:43:54 INFO  ce[AXU-vdjMfsQkPBwlYw5w][o.s.c.t.s.ComputationStepExecutor] Persist events | status=SUCCESS | time=2ms
2020.10.18 22:43:54 INFO  ce[AXU-vdjMfsQkPBwlYw5w][o.s.c.t.s.ComputationStepExecutor] Persist sources | status=SUCCESS | time=206ms
2020.10.18 22:43:54 INFO  ce[AXU-vdjMfsQkPBwlYw5w][o.s.c.t.s.ComputationStepExecutor] Persist cross project duplications | status=SUCCESS | time=0ms
2020.10.18 22:43:54 INFO  ce[AXU-vdjMfsQkPBwlYw5w][o.s.c.t.s.ComputationStepExecutor] Enable analysis | status=SUCCESS | time=2ms
2020.10.18 22:43:54 INFO  ce[AXU-vdjMfsQkPBwlYw5w][o.s.c.t.s.ComputationStepExecutor] Update last usage date of quality profiles | status=SUCCESS | time=4ms
2020.10.18 22:43:54 INFO  ce[AXU-vdjMfsQkPBwlYw5w][o.s.c.t.s.ComputationStepExecutor] Purge db | status=SUCCESS | time=31ms
2020.10.18 22:43:54 INFO  ce[AXU-vdjMfsQkPBwlYw5w][o.s.c.t.s.ComputationStepExecutor] Index analysis | status=SUCCESS | time=288ms
2020.10.18 22:43:54 INFO  ce[AXU-vdjMfsQkPBwlYw5w][o.s.c.t.s.ComputationStepExecutor] Update need issue sync for branch | status=SUCCESS | time=0ms
2020.10.18 22:43:54 INFO  ce[AXU-vdjMfsQkPBwlYw5w][o.s.c.t.s.ComputationStepExecutor] Send issue notifications | newIssuesNotifs=0 | newIssuesDeliveries=0 | myNewIssuesNotifs=0 | myNewIssuesDeliveries=0 | changesNotifs=0 | changesDeliveries=0 | status=SUCCESS | time=2ms
2020.10.18 22:43:54 INFO  ce[AXU-vdjMfsQkPBwlYw5w][o.s.c.t.s.ComputationStepExecutor] Publish task results | status=SUCCESS | time=0ms
2020.10.18 22:43:54 INFO  ce[AXU-vdjMfsQkPBwlYw5w][o.s.c.t.s.ComputationStepExecutor] Trigger refresh of Portfolios and Applications | status=SUCCESS | time=0ms
2020.10.18 22:43:54 INFO  ce[AXU-vdjMfsQkPBwlYw5w][o.s.c.t.p.a.p.PostProjectAnalysisTasksExecutor] Webhooks | globalWebhooks=0 | projectWebhooks=0 | status=SUCCESS | time=3ms
2020.10.18 22:43:54 INFO  ce[AXU-vdjMfsQkPBwlYw5w][o.s.c.t.CeWorkerImpl] Executed task | project=DynastyWarriors8XtremeLegends | type=REPORT | id=AXU-vdjMfsQkPBwlYw5w | submitter=admin | status=SUCCESS | time=2547ms
2020.10.18 22:48:10 INFO  ce[][o.s.p.ProcessEntryPoint] Gracefully stopping process
2020.10.18 22:48:10 INFO  ce[][o.s.ce.app.CeServer] Compute Engine is stopping...
2020.10.18 22:48:10 INFO  ce[][o.s.c.t.CeProcessingSchedulerImpl] Gracefully stopping workers...
2020.10.18 22:48:10 INFO  ce[][o.s.ce.app.CeServer] Compute Engine is stopped
2020.10.18 22:55:49 INFO  ce[][o.s.p.ProcessEntryPoint] Starting ce
2020.10.18 22:55:49 INFO  ce[][o.s.ce.app.CeServer] Compute Engine starting up...
2020.10.18 22:55:50 INFO  ce[][o.e.p.PluginsService] no modules loaded
2020.10.18 22:55:50 INFO  ce[][o.e.p.PluginsService] loaded plugin [org.elasticsearch.join.ParentJoinPlugin]
2020.10.18 22:55:50 INFO  ce[][o.e.p.PluginsService] loaded plugin [org.elasticsearch.percolator.PercolatorPlugin]
2020.10.18 22:55:50 INFO  ce[][o.e.p.PluginsService] loaded plugin [org.elasticsearch.transport.Netty4Plugin]
2020.10.18 22:55:51 INFO  ce[][o.s.s.e.EsClientProvider] Connected to local Elasticsearch: [127.0.0.1:9001]
2020.10.18 22:55:51 INFO  ce[][o.sonar.db.Database] Create JDBC data source for jdbc:h2:tcp://127.0.0.1:9092/sonar
2020.10.18 22:55:51 WARN  ce[][o.s.db.dialect.H2] H2 database should be used for evaluation purpose only.
2020.10.18 22:55:52 INFO  ce[][o.s.s.p.ServerFileSystemImpl] SonarQube home: C:\Users\Haku Wei\Documents\git\DynastyWarriors8XL\sonarqube-8.5.0.37579
2020.10.18 22:55:52 INFO  ce[][o.s.c.c.CePluginRepository] Load plugins
2020.10.18 22:55:52 INFO  ce[][o.s.c.c.ComputeEngineContainerImpl] Running Community edition
2020.10.18 22:55:52 INFO  ce[][o.s.ce.app.CeServer] Compute Engine is operational
2020.10.18 22:55:54 INFO  ce[][o.s.c.t.CeWorkerImpl] worker AXU-yN6CzKXL01vXJ1od found no pending task (including indexation task). Disabling indexation task lookup for this worker until next SonarQube restart.
